2025-05-15 18:23:57 [JavaFX-Launcher] INFO  org.springframework.boot.SpringApplication - Starting application using Java 21.0.6 on DESKTOP-4HCI31U with PID 7696 (started by Dominik in C:\Users\Dominik\IdeaProjects\TourPlanner)
2025-05-15 18:23:57 [JavaFX-Launcher] INFO  org.springframework.boot.SpringApplication - No active profile set, falling back to 1 default profile: "default"
2025-05-15 18:23:57 [JavaFX-Launcher] INFO  org.springframework.data.repository.config.RepositoryConfigurationDelegate - Bootstrapping Spring Data JPA repositories in DEFAULT mode.
2025-05-15 18:23:57 [JavaFX-Launcher] INFO  org.springframework.data.repository.config.RepositoryConfigurationDelegate - Finished Spring Data repository scanning in 20 ms. Found 2 JPA repository interfaces.
2025-05-15 18:23:57 [JavaFX-Launcher] INFO  org.hibernate.jpa.internal.util.LogHelper - HHH000204: Processing PersistenceUnitInfo [name: default]
2025-05-15 18:23:57 [JavaFX-Launcher] INFO  org.hibernate.Version - HHH000412: Hibernate ORM core version 5.6.15.Final
2025-05-15 18:23:57 [JavaFX-Launcher] INFO  org.hibernate.annotations.common.Version - HCANN000001: Hibernate Commons Annotations {5.1.2.Final}
2025-05-15 18:23:57 [JavaFX-Launcher] INFO  com.zaxxer.hikari.HikariDataSource - HikariPool-1 - Starting...
2025-05-15 18:23:57 [JavaFX-Launcher] INFO  com.zaxxer.hikari.HikariDataSource - HikariPool-1 - Start completed.
2025-05-15 18:23:57 [JavaFX-Launcher] INFO  org.hibernate.dialect.Dialect - HHH000400: Using dialect: org.hibernate.dialect.PostgreSQLDialect
2025-05-15 18:23:58 [JavaFX-Launcher] INFO  org.hibernate.engine.transaction.jta.platform.internal.JtaPlatformInitiator - HHH000490: Using JtaPlatform implementation: [org.hibernate.engine.transaction.jta.platform.internal.NoJtaPlatform]
2025-05-15 18:23:58 [JavaFX-Launcher] INFO  org.springframework.orm.jpa.LocalContainerEntityManagerFactoryBean - Initialized JPA EntityManagerFactory for persistence unit 'default'
2025-05-15 18:23:58 [JavaFX-Launcher] INFO  org.example.tourplanner.businessLayer.services.ImportExportService - Tours imported from JSON.
2025-05-15 18:23:58 [JavaFX-Launcher] INFO  org.example.tourplanner.businessLayer.services.TourService - TourService initialized.
2025-05-15 18:23:58 [JavaFX-Launcher] INFO  org.springframework.boot.SpringApplication - Started application in 1.619 seconds (JVM running for 3.4)
2025-05-15 18:23:58 [JavaFX Application Thread] INFO  org.example.tourplanner.businessLayer.services.TourService - Retrieving all tours with logs.
2025-05-15 18:23:58 [JavaFX Application Thread] INFO  org.example.tourplanner.businessLayer.services.TourService - Retrieving all tours with logs.
2025-05-15 18:24:14 [JavaFX Application Thread] INFO  org.example.tourplanner.businessLayer.services.TourService - Saving tour: Test Tour
2025-05-15 18:24:37 [JavaFX Application Thread] INFO  org.example.tourplanner.businessLayer.services.TourService - Saving tour: Test Tour
2025-05-15 18:24:38 [JavaFX Application Thread] INFO  org.example.tourplanner.businessLayer.services.TourLogService - Retrieving all logs for tour with ID: 0196d4c3-15f7-7000-9fc9-7e9f65ffa8e9
2025-05-15 18:25:07 [JavaFX Application Thread] INFO  org.springframework.orm.jpa.LocalContainerEntityManagerFactoryBean - Closing JPA EntityManagerFactory for persistence unit 'default'
2025-05-15 18:25:07 [JavaFX Application Thread] INFO  com.zaxxer.hikari.HikariDataSource - HikariPool-1 - Shutdown initiated...
2025-05-15 18:25:07 [JavaFX Application Thread] INFO  com.zaxxer.hikari.HikariDataSource - HikariPool-1 - Shutdown completed.
